nohup: ignoring input
[I 12:13:20.111 NotebookApp] Serving notebooks from local directory: /home/dev02/mask_rcnn/samples/coco
[I 12:13:20.111 NotebookApp] 0 active kernels
[I 12:13:20.111 NotebookApp] The Jupyter Notebook is running at:
[I 12:13:20.112 NotebookApp] http://localhost:8888/
[I 12:13:20.112 NotebookApp] Use Control-C to stop this server and shut down all kernels (twice to skip confirmation).
[W 12:13:29.077 NotebookApp] 404 DELETE /api/sessions/d9eeeb23-b08e-4de5-89f2-869633d3a5e3 (::1): Session not found: session_id='d9eeeb23-b08e-4de5-89f2-869633d3a5e3'
[W 12:13:29.078 NotebookApp] Session not found: session_id='d9eeeb23-b08e-4de5-89f2-869633d3a5e3'
[W 12:13:29.078 NotebookApp] 404 DELETE /api/sessions/d9eeeb23-b08e-4de5-89f2-869633d3a5e3 (::1) 2.26ms referer=http://localhost:8888/notebooks/demo.ipynb
[I 12:13:29.415 NotebookApp] Kernel started: 79e7b1ae-d9d4-4487-b065-d277428b670f
[I 12:13:30.450 NotebookApp] Adapting to protocol v5.1 for kernel 79e7b1ae-d9d4-4487-b065-d277428b670f
2018-05-18 12:13:48.932289: I tensorflow/core/platform/cpu_feature_guard.cc:140] Your CPU supports instructions that this TensorFlow binary was not compiled to use: AVX2 FMA
2018-05-18 12:13:49.168523: I tensorflow/core/common_runtime/gpu/gpu_device.cc:1344] Found device 0 with properties: 
name: Tesla K80 major: 3 minor: 7 memoryClockRate(GHz): 0.8235
pciBusID: 0000:88:00.0
totalMemory: 11.17GiB freeMemory: 11.00GiB
2018-05-18 12:13:49.168576: I tensorflow/core/common_runtime/gpu/gpu_device.cc:1423] Adding visible gpu devices: 0
2018-05-18 12:13:49.482360: I tensorflow/core/common_runtime/gpu/gpu_device.cc:911] Device interconnect StreamExecutor with strength 1 edge matrix:
2018-05-18 12:13:49.482431: I tensorflow/core/common_runtime/gpu/gpu_device.cc:917]      0 
2018-05-18 12:13:49.482445: I tensorflow/core/common_runtime/gpu/gpu_device.cc:930] 0:   N 
2018-05-18 12:13:49.482931: I tensorflow/core/common_runtime/gpu/gpu_device.cc:1041] Created TensorFlow device (/job:localhost/replica:0/task:0/device:GPU:0 with 10668 MB memory) -> physical GPU (device: 0, name: Tesla K80, pci bus id: 0000:88:00.0, compute capability: 3.7)
[I 12:15:34.648 NotebookApp] Saving file at /demo.ipynb
[I 12:19:57.486 NotebookApp] Saving file at /demo.ipynb
[I 12:20:51.599 NotebookApp] Starting buffering for 79e7b1ae-d9d4-4487-b065-d277428b670f:cdb2e093550344e18e4803d2528d1690
[I 12:42:59.281 NotebookApp] 302 GET / (::1) 0.59ms
[I 12:44:14.168 NotebookApp] Adapting to protocol v5.1 for kernel 79e7b1ae-d9d4-4487-b065-d277428b670f
[I 12:47:21.105 NotebookApp] Starting buffering for 79e7b1ae-d9d4-4487-b065-d277428b670f:a0a7bb7475984d2a8881e70f34af85c6
[I 12:47:27.773 NotebookApp] Saving file at /demo.ipynb
[I 12:47:35.959 NotebookApp] Adapting to protocol v5.1 for kernel 79e7b1ae-d9d4-4487-b065-d277428b670f
[I 12:49:36.455 NotebookApp] Saving file at /demo.ipynb
[I 12:51:29.429 NotebookApp] Starting buffering for 79e7b1ae-d9d4-4487-b065-d277428b670f:2c0b0af463df4adf9eb1c104255af73a
[I 12:51:34.037 NotebookApp] Adapting to protocol v5.1 for kernel 79e7b1ae-d9d4-4487-b065-d277428b670f
[I 12:52:39.097 NotebookApp] Starting buffering for 79e7b1ae-d9d4-4487-b065-d277428b670f:77fa3f8a3161450b8a5c7085e3d8988a
[I 20:45:55.839 NotebookApp] 302 GET / (::1) 0.79ms
[I 20:45:57.367 NotebookApp] 302 GET / (::1) 0.48ms
[I 20:46:07.174 NotebookApp] Adapting to protocol v5.1 for kernel 79e7b1ae-d9d4-4487-b065-d277428b670f
[I 20:48:06.692 NotebookApp] Saving file at /demo.ipynb
[I 20:50:12.790 NotebookApp] Saving file at /demo.ipynb
[I 20:50:23.050 NotebookApp] Starting buffering for 79e7b1ae-d9d4-4487-b065-d277428b670f:e827116b03884857a397db2bae3ccca4
[I 01:33:26.173 NotebookApp] 302 GET / (::1) 0.70ms
[I 01:33:27.149 NotebookApp] 302 GET / (::1) 0.46ms
[I 01:33:52.425 NotebookApp] 302 GET / (::1) 0.43ms
[I 01:34:00.867 NotebookApp] Adapting to protocol v5.1 for kernel 79e7b1ae-d9d4-4487-b065-d277428b670f
[I 01:36:19.605 NotebookApp] Saving file at /demo.ipynb
[I 01:36:52.024 NotebookApp] Starting buffering for 79e7b1ae-d9d4-4487-b065-d277428b670f:568abeb768c34e5cac46345f67203572
[I 01:42:56.895 NotebookApp] 302 GET / (::1) 0.45ms
[I 01:43:07.270 NotebookApp] Adapting to protocol v5.1 for kernel 79e7b1ae-d9d4-4487-b065-d277428b670f
[I 01:45:47.167 NotebookApp] Saving file at /demo.ipynb
[I 01:46:54.776 NotebookApp] Saving file at /demo.ipynb
[I 01:47:17.687 NotebookApp] Saving file at /demo.ipynb
[I 01:49:45.140 NotebookApp] Saving file at /demo.ipynb
[I 01:52:35.560 NotebookApp] Saving file at /demo.ipynb
[W 01:58:07.273 NotebookApp] WebSocket ping timeout after 117957 ms.
[I 01:58:12.275 NotebookApp] Starting buffering for 79e7b1ae-d9d4-4487-b065-d277428b670f:d6fdfc3a72ff4e7cbfece2113a731ed0
[I 02:00:16.383 NotebookApp] Adapting to protocol v5.1 for kernel 79e7b1ae-d9d4-4487-b065-d277428b670f
[I 02:00:38.004 NotebookApp] Saving file at /demo.ipynb
[I 02:02:16.673 NotebookApp] Saving file at /demo.ipynb
[I 02:04:23.879 NotebookApp] Saving file at /demo.ipynb
[I 02:12:28.940 NotebookApp] Saving file at /demo.ipynb
[I 02:50:47.680 NotebookApp] Saving file at /demo.ipynb
[I 02:53:26.377 NotebookApp] Saving file at /demo.ipynb
[I 02:53:46.324 NotebookApp] Saving file at /demo.ipynb
[I 03:00:28.854 NotebookApp] Saving file at /demo.ipynb
[I 03:01:22.506 NotebookApp] Saving file at /demo.ipynb
[I 03:02:31.146 NotebookApp] Saving file at /demo.ipynb
[I 03:04:31.526 NotebookApp] Saving file at /demo.ipynb
[I 03:04:47.203 NotebookApp] Saving file at /demo.ipynb
[I 03:04:47.829 NotebookApp] Saving file at /demo.ipynb
[I 03:12:19.983 NotebookApp] Saving file at /demo.ipynb
[I 03:17:05.146 NotebookApp] Saving file at /demo.ipynb
[I 03:24:55.337 NotebookApp] Saving file at /demo.ipynb
[I 03:32:43.841 NotebookApp] Saving file at /demo.ipynb
[I 03:36:06.682 NotebookApp] Saving file at /demo.ipynb
[I 03:40:39.063 NotebookApp] Saving file at /demo.ipynb
[I 03:43:44.328 NotebookApp] Saving file at /demo.ipynb
[IPKernelApp] ERROR | Exception in message handler:
Traceback (most recent call last):
  File "/home/dev02/anaconda3/envs/mask_rcnn/lib/python3.6/site-packages/ipykernel/kernelbase.py", line 233, in dispatch_shell
    handler(stream, idents, msg)
  File "/home/dev02/anaconda3/envs/mask_rcnn/lib/python3.6/site-packages/ipykernel/kernelbase.py", line 452, in inspect_request
    content.get('detail_level', 0))
  File "/home/dev02/anaconda3/envs/mask_rcnn/lib/python3.6/site-packages/ipykernel/ipkernel.py", line 316, in do_inspect
    name = token_at_cursor(code, cursor_pos)
  File "/home/dev02/anaconda3/envs/mask_rcnn/lib/python3.6/site-packages/IPython/utils/tokenutil.py", line 80, in token_at_cursor
    for tup in generate_tokens(StringIO(cell).readline):
  File "/home/dev02/anaconda3/envs/mask_rcnn/lib/python3.6/site-packages/IPython/utils/tokenutil.py", line 18, in generate_tokens
    for token in tokenize2.generate_tokens(readline):
  File "/home/dev02/anaconda3/envs/mask_rcnn/lib/python3.6/site-packages/IPython/utils/tokenize2.py", line 493, in _tokenize
    ("<tokenize>", lnum, pos, line))
  File "<tokenize>", line 155
    if len(class_ids) <=1:
    ^
IndentationError: unindent does not match any outer indentation level
[I 03:48:22.173 NotebookApp] Saving file at /demo.ipynb
[I 03:49:26.864 NotebookApp] Kernel interrupted: 79e7b1ae-d9d4-4487-b065-d277428b670f
[I 03:50:10.677 NotebookApp] Kernel interrupted: 79e7b1ae-d9d4-4487-b065-d277428b670f
[I 03:50:32.372 NotebookApp] Kernel interrupted: 79e7b1ae-d9d4-4487-b065-d277428b670f
[I 03:50:38.181 NotebookApp] Kernel interrupted: 79e7b1ae-d9d4-4487-b065-d277428b670f
[I 03:50:42.280 NotebookApp] Kernel interrupted: 79e7b1ae-d9d4-4487-b065-d277428b670f
[I 03:51:12.785 NotebookApp] Kernel interrupted: 79e7b1ae-d9d4-4487-b065-d277428b670f
[I 03:51:44.309 NotebookApp] Kernel interrupted: 79e7b1ae-d9d4-4487-b065-d277428b670f
[I 03:52:10.737 NotebookApp] Kernel interrupted: 79e7b1ae-d9d4-4487-b065-d277428b670f
[I 03:52:30.545 NotebookApp] Kernel interrupted: 79e7b1ae-d9d4-4487-b065-d277428b670f
[I 03:53:15.497 NotebookApp] Kernel interrupted: 79e7b1ae-d9d4-4487-b065-d277428b670f
[I 03:53:17.180 NotebookApp] Kernel interrupted: 79e7b1ae-d9d4-4487-b065-d277428b670f
[I 03:53:17.485 NotebookApp] Kernel interrupted: 79e7b1ae-d9d4-4487-b065-d277428b670f
[I 03:53:26.125 NotebookApp] Kernel interrupted: 79e7b1ae-d9d4-4487-b065-d277428b670f
[I 03:53:57.097 NotebookApp] Kernel interrupted: 79e7b1ae-d9d4-4487-b065-d277428b670f
[I 03:54:22.285 NotebookApp] Kernel interrupted: 79e7b1ae-d9d4-4487-b065-d277428b670f
[I 03:54:34.453 NotebookApp] Kernel interrupted: 79e7b1ae-d9d4-4487-b065-d277428b670f
[I 03:54:57.196 NotebookApp] Saving file at /demo.ipynb
[I 03:56:12.240 NotebookApp] Saving file at /demo.ipynb
[I 04:01:24.193 NotebookApp] Kernel interrupted: 79e7b1ae-d9d4-4487-b065-d277428b670f
[I 04:02:06.193 NotebookApp] Kernel interrupted: 79e7b1ae-d9d4-4487-b065-d277428b670f
[I 04:02:24.325 NotebookApp] Kernel interrupted: 79e7b1ae-d9d4-4487-b065-d277428b670f
[I 04:03:21.134 NotebookApp] Kernel interrupted: 79e7b1ae-d9d4-4487-b065-d277428b670f
[I 04:04:02.217 NotebookApp] Saving file at /demo.ipynb
[I 04:05:48.069 NotebookApp] Kernel interrupted: 79e7b1ae-d9d4-4487-b065-d277428b670f
[I 04:06:49.217 NotebookApp] Kernel interrupted: 79e7b1ae-d9d4-4487-b065-d277428b670f
[I 04:08:06.221 NotebookApp] Kernel interrupted: 79e7b1ae-d9d4-4487-b065-d277428b670f
[I 04:10:33.678 NotebookApp] Kernel interrupted: 79e7b1ae-d9d4-4487-b065-d277428b670f
[I 04:11:52.234 NotebookApp] Saving file at /demo.ipynb
[I 04:12:19.878 NotebookApp] Saving file at /demo.ipynb
[I 04:12:32.853 NotebookApp] Kernel interrupted: 79e7b1ae-d9d4-4487-b065-d277428b670f
[I 04:13:13.314 NotebookApp] Kernel interrupted: 79e7b1ae-d9d4-4487-b065-d277428b670f
[I 04:15:02.659 NotebookApp] Saving file at /demo.ipynb
[I 04:15:43.842 NotebookApp] Kernel interrupted: 79e7b1ae-d9d4-4487-b065-d277428b670f
[I 04:15:48.774 NotebookApp] Kernel interrupted: 79e7b1ae-d9d4-4487-b065-d277428b670f
[I 04:19:59.244 NotebookApp] Saving file at /demo.ipynb
